Using pre-set license
Built from '2021.3/staging' branch; Version is '2021.3.11f1 (0a5ca18544bf) revision 679073'; Using compiler version '192829333'; Build Type 'Release'
OS: 'Windows 10  (10.0.19044) 64bit Core' Language: 'de' Physical Memory: 16122 MB
BatchMode: 1, IsHumanControllingUs: 0, StartBugReporterOnCrash: 0, Is64bit: 1, IsPro: 1

COMMAND LINE ARGUMENTS:
C:\Program Files\Unity\Hub\Editor\2021.3.11f1\Editor\Unity.exe
-adb2
-batchMode
-noUpm
-name
AssetImportWorker5
-projectPath
C:/Users/admin/Dropbox/Thesisprojekt/Thesisprojekt
-logFile
Logs/AssetImportWorker5.log
-srvPort
1683
Successfully changed project path to: C:/Users/admin/Dropbox/Thesisprojekt/Thesisprojekt
C:/Users/admin/Dropbox/Thesisprojekt/Thesisprojekt
[UnityMemory] Configuration Parameters - Can be set up in boot.config
    "memorysetup-bucket-allocator-granularity=16"
    "memorysetup-bucket-allocator-bucket-count=8"
    "memorysetup-bucket-allocator-block-size=33554432"
    "memorysetup-bucket-allocator-block-count=8"
    "memorysetup-main-allocator-block-size=16777216"
    "memorysetup-thread-allocator-block-size=16777216"
    "memorysetup-gfx-main-allocator-block-size=16777216"
    "memorysetup-gfx-thread-allocator-block-size=16777216"
    "memorysetup-cache-allocator-block-size=4194304"
    "memorysetup-typetree-allocator-block-size=2097152"
    "memorysetup-profiler-bucket-allocator-granularity=16"
    "memorysetup-profiler-bucket-allocator-bucket-count=8"
    "memorysetup-profiler-bucket-allocator-block-size=33554432"
    "memorysetup-profiler-bucket-allocator-block-count=8"
    "memorysetup-profiler-allocator-block-size=16777216"
    "memorysetup-profiler-editor-allocator-block-size=1048576"
    "memorysetup-temp-allocator-size-main=16777216"
    "memorysetup-job-temp-allocator-block-size=2097152"
    "memorysetup-job-temp-allocator-block-size-background=1048576"
    "memorysetup-job-temp-allocator-reduction-small-platforms=262144"
    "memorysetup-temp-allocator-size-background-worker=32768"
    "memorysetup-temp-allocator-size-job-worker=262144"
    "memorysetup-temp-allocator-size-preload-manager=33554432"
    "memorysetup-temp-allocator-size-nav-mesh-worker=65536"
    "memorysetup-temp-allocator-size-audio-worker=65536"
    "memorysetup-temp-allocator-size-cloud-worker=32768"
    "memorysetup-temp-allocator-size-gi-baking-worker=262144"
    "memorysetup-temp-allocator-size-gfx=262144"
Refreshing native plugins compatible for Editor in 141.76 ms, found 11 plugins.
Preloading 1 native plugins for Editor in 0.47 ms.
Initialize engine version: 2021.3.11f1 (0a5ca18544bf)
[Subsystems] Discovering subsystems at path C:/Program Files/Unity/Hub/Editor/2021.3.11f1/Editor/Data/Resources/UnitySubsystems
[Subsystems] Discovering subsystems at path C:/Users/admin/Dropbox/Thesisprojekt/Thesisprojekt/Assets
GfxDevice: creating device client; threaded=0; jobified=0
Direct3D:
    Version:  Direct3D 11.0 [level 11.1]
    Renderer: NVIDIA GeForce RTX 3060 Laptop GPU (ID=0x2520)
    Vendor:   NVIDIA
    VRAM:     6023 MB
    Driver:   31.0.15.2233
Shader 'Oculus/OVRMRCameraFrameLit': fallback shader 'Alpha-Diffuse' not found
Initialize mono
Mono path[0] = 'C:/Program Files/Unity/Hub/Editor/2021.3.11f1/Editor/Data/Managed'
Mono path[1] = 'C:/Program Files/Unity/Hub/Editor/2021.3.11f1/Editor/Data/MonoBleedingEdge/lib/mono/unityjit-win32'
Mono config path = 'C:/Program Files/Unity/Hub/Editor/2021.3.11f1/Editor/Data/MonoBleedingEdge/etc'
Using monoOptions --debugger-agent=transport=dt_socket,embedding=1,server=y,suspend=n,address=127.0.0.1:56744
Begin MonoManager ReloadAssembly
Registering precompiled unity dll's ...
Register platform support module: C:/Program Files/Unity/Hub/Editor/2021.3.11f1/Editor/Data/PlaybackEngines/AndroidPlayer/UnityEditor.Android.Extensions.dll
Register platform support module: C:/Program Files/Unity/Hub/Editor/2021.3.11f1/Editor/Data/PlaybackEngines/WindowsStandaloneSupport/UnityEditor.WindowsStandalone.Extensions.dll
Registered in 0.006761 seconds.
Native extension for WindowsStandalone target not found
Native extension for Android target not found
Refreshing native plugins compatible for Editor in 120.04 ms, found 11 plugins.
Preloading 1 native plugins for Editor in 0.20 ms.
Mono: successfully reloaded assembly
- Completed reload, in  0.586 seconds
Domain Reload Profiling:
	ReloadAssembly (586ms)
		BeginReloadAssembly (59ms)
			ExecutionOrderSort (0ms)
			DisableScriptedObjects (0ms)
			BackupInstance (0ms)
			ReleaseScriptingObjects (0ms)
			CreateAndSetChildDomain (1ms)
		EndReloadAssembly (431ms)
			LoadAssemblies (57ms)
			RebuildTransferFunctionScriptingTraits (0ms)
			SetupTypeCache (82ms)
			ReleaseScriptCaches (0ms)
			RebuildScriptCaches (23ms)
			SetupLoadedEditorAssemblies (283ms)
				LogAssemblyErrors (0ms)
				InitializePlatformSupportModulesInManaged (44ms)
				SetLoadedEditorAssemblies (0ms)
				RefreshPlugins (120ms)
				BeforeProcessingInitializeOnLoad (1ms)
				ProcessInitializeOnLoadAttributes (79ms)
				ProcessInitializeOnLoadMethodAttributes (37ms)
				AfterProcessingInitializeOnLoad (0ms)
				EditorAssembliesLoaded (0ms)
			ExecutionOrderSort2 (0ms)
			AwakeInstancesAfterBackupRestoration (0ms)
Platform modules already initialized, skipping
Registering precompiled user dll's ...
Registered in 0.007221 seconds.
Begin MonoManager ReloadAssembly
Native extension for WindowsStandalone target not found
Native extension for Android target not found
Refreshing native plugins compatible for Editor in 1.25 ms, found 11 plugins.
Preloading 1 native plugins for Editor in 0.08 ms.
Package Manager log level set to [2]
[XR] OculusXRPlugin: registering subsystems
[XR] Unable to register display lifecyle provider: [1]
[XR] Oculus Input lifecycle provider registered.
[XR] Unable to register input lifecyle provider: [1]
[XR] OVRP version 1.78.0
Mono: successfully reloaded assembly
- Completed reload, in  1.131 seconds
Domain Reload Profiling:
	ReloadAssembly (1132ms)
		BeginReloadAssembly (194ms)
			ExecutionOrderSort (0ms)
			DisableScriptedObjects (5ms)
			BackupInstance (0ms)
			ReleaseScriptingObjects (0ms)
			CreateAndSetChildDomain (124ms)
		EndReloadAssembly (844ms)
			LoadAssemblies (71ms)
			RebuildTransferFunctionScriptingTraits (0ms)
			SetupTypeCache (255ms)
			ReleaseScriptCaches (1ms)
			RebuildScriptCaches (69ms)
			SetupLoadedEditorAssemblies (401ms)
				LogAssemblyErrors (0ms)
				InitializePlatformSupportModulesInManaged (13ms)
				SetLoadedEditorAssemblies (0ms)
				RefreshPlugins (1ms)
				BeforeProcessingInitializeOnLoad (108ms)
				ProcessInitializeOnLoadAttributes (244ms)
				ProcessInitializeOnLoadMethodAttributes (29ms)
				AfterProcessingInitializeOnLoad (6ms)
				EditorAssembliesLoaded (0ms)
			ExecutionOrderSort2 (0ms)
			AwakeInstancesAfterBackupRestoration (6ms)
Platform modules already initialized, skipping
========================================================================
Worker process is ready to serve import requests
Shader 'Oculus/OVRMRCameraFrameLit': fallback shader 'Alpha-Diffuse' not found
Launched and connected shader compiler UnityShaderCompiler.exe after 0.03 seconds
Refreshing native plugins compatible for Editor in 1.17 ms, found 11 plugins.
Preloading 1 native plugins for Editor in 0.06 ms.
Unloading 5408 Unused Serialized files (Serialized files now loaded: 0)
Unloading 61 unused Assets / (229.8 KB). Loaded Objects now: 5841.
Memory consumption went from 200.8 MB to 200.6 MB.
Total: 3.283700 ms (FindLiveObjects: 0.420200 ms CreateObjectMapping: 0.182500 ms MarkObjects: 2.482200 ms  DeleteObjects: 0.197800 ms)

AssetImportParameters requested are different than current active one (requested -> active):
  custom:video-decoder-ogg-theora: a1e56fd34408186e4bbccfd4996cb3dc -> 
  custom:container-muxer-webm: aa71ff27fc2769a1b78a27578f13a17b -> 
  custom:container-demuxer-webm: 4f35f7cbe854078d1ac9338744f61a02 -> 
  custom:video-encoder-webm-vp8: eb34c28f22e8b96e1ab97ce403110664 -> 
  custom:video-codec-MediaFoundation-h265: 746d11721c4dcdbdad8f713fa42b33f4 -> 
  custom:audio-encoder-webm-vorbis: bf7c407c2cedff20999df2af8eb42d56 -> 
  custom:framework-win-MediaFoundation: 216162199b28c13a410421893ffa2e32 -> 
  custom:container-demuxer-ogg: 62fdf1f143b41e24485cea50d1cbac27 -> 
  custom:video-decoder-webm-vp8: 9c59270c3fd7afecdb556c50c9e8de78 -> 
  custom:audio-decoder-ogg-vorbis: bf7c407c2cedff20999df2af8eb42d56 -> 
========================================================================
Received Import Request.
  Time since last request: 8931.763117 seconds.
  path: Assets/VR/Oculus/Interaction/Samples/Audio/Content/Interaction_BasicRay_Press.wav
  artifactKey: Guid(0ae074243bcbf57468d433ad4f78acbb) Importer(815301076,1909f56bfc062723c751e8b465ee728b)
Start importing Assets/VR/Oculus/Interaction/Samples/Audio/Content/Interaction_BasicRay_Press.wav using Guid(0ae074243bcbf57468d433ad4f78acbb) Importer(815301076,1909f56bfc062723c751e8b465ee728b)  -> (artifact id: '29cf27f9b4d2ba005bfad69be6e4499f') in 0.126299 seconds 
========================================================================
Received Import Request.
  Time since last request: 0.585684 seconds.
  path: Assets/VR/Oculus/Interaction/Samples/Audio/Content/Interaction_Object_Impact_01.wav
  artifactKey: Guid(f9d3d78b93262df46b15e931d171f693) Importer(815301076,1909f56bfc062723c751e8b465ee728b)
Start importing Assets/VR/Oculus/Interaction/Samples/Audio/Content/Interaction_Object_Impact_01.wav using Guid(f9d3d78b93262df46b15e931d171f693) Importer(815301076,1909f56bfc062723c751e8b465ee728b)  -> (artifact id: '1055d4c5568d3577c7c758e19a514468') in 0.015704 seconds 
========================================================================
Received Import Request.
  Time since last request: 0.000030 seconds.
  path: Assets/VR/Oculus/Interaction/Samples/Audio/Content/Interaction_Object_Impact_05.wav
  artifactKey: Guid(07b5938cd1fd49c4999aa1b2b6b398eb) Importer(815301076,1909f56bfc062723c751e8b465ee728b)
Start importing Assets/VR/Oculus/Interaction/Samples/Audio/Content/Interaction_Object_Impact_05.wav using Guid(07b5938cd1fd49c4999aa1b2b6b398eb) Importer(815301076,1909f56bfc062723c751e8b465ee728b)  -> (artifact id: '6852e25c4ddaab8553401793c99bbaec') in 0.020806 seconds 
========================================================================
Received Import Request.
  Time since last request: 0.000022 seconds.
  path: Assets/VR/Oculus/Interaction/Samples/Audio/Content/Interaction_Object_Impact_04.wav
  artifactKey: Guid(41204675ff2e12043b892e8f671541eb) Importer(815301076,1909f56bfc062723c751e8b465ee728b)
Start importing Assets/VR/Oculus/Interaction/Samples/Audio/Content/Interaction_Object_Impact_04.wav using Guid(41204675ff2e12043b892e8f671541eb) Importer(815301076,1909f56bfc062723c751e8b465ee728b)  -> (artifact id: '3bc79e761210a03539705fb0a14e0f73') in 0.013057 seconds 
========================================================================
Received Import Request.
  Time since last request: 0.039211 seconds.
  path: Assets/VR/Oculus/Interaction/Samples/Audio/Content/Interaction_Object_Resize_01.wav
  artifactKey: Guid(deddf0b6994a9b543a2b4ffd829e8cad) Importer(815301076,1909f56bfc062723c751e8b465ee728b)
Start importing Assets/VR/Oculus/Interaction/Samples/Audio/Content/Interaction_Object_Resize_01.wav using Guid(deddf0b6994a9b543a2b4ffd829e8cad) Importer(815301076,1909f56bfc062723c751e8b465ee728b)  -> (artifact id: '645650e26d3b8ecd1e501ca1edb5cb66') in 0.013077 seconds 
========================================================================
Received Import Request.
  Time since last request: 0.000031 seconds.
  path: Assets/VR/Oculus/Interaction/Samples/Audio/Content/Interaction_PoseDetection_Rock_02.wav
  artifactKey: Guid(46ea7610960363c418d8f456b08b9cbc) Importer(815301076,1909f56bfc062723c751e8b465ee728b)
Start importing Assets/VR/Oculus/Interaction/Samples/Audio/Content/Interaction_PoseDetection_Rock_02.wav using Guid(46ea7610960363c418d8f456b08b9cbc) Importer(815301076,1909f56bfc062723c751e8b465ee728b)  -> (artifact id: '7af0309517476e692524dd83fe24b488') in 0.013427 seconds 
========================================================================
Received Import Request.
  Time since last request: 0.000024 seconds.
  path: Assets/VR/Oculus/Interaction/Samples/Audio/Content/Interaction_PoseDetection_Paper_03.wav
  artifactKey: Guid(eec1a4e0cb9cf3d4a881837e7a165919) Importer(815301076,1909f56bfc062723c751e8b465ee728b)
Start importing Assets/VR/Oculus/Interaction/Samples/Audio/Content/Interaction_PoseDetection_Paper_03.wav using Guid(eec1a4e0cb9cf3d4a881837e7a165919) Importer(815301076,1909f56bfc062723c751e8b465ee728b)  -> (artifact id: 'dc2ee8bd9b2f62320073b653890cfb1c') in 0.014244 seconds 
========================================================================
Received Import Request.
  Time since last request: 0.059568 seconds.
  path: Assets/VR/Oculus/Interaction/Samples/Audio/Content/Interaction_PoseDetection_Stop_03.wav
  artifactKey: Guid(05069c5421bd2de43aaae9a9d2df1099) Importer(815301076,1909f56bfc062723c751e8b465ee728b)
Start importing Assets/VR/Oculus/Interaction/Samples/Audio/Content/Interaction_PoseDetection_Stop_03.wav using Guid(05069c5421bd2de43aaae9a9d2df1099) Importer(815301076,1909f56bfc062723c751e8b465ee728b)  -> (artifact id: '5b04232ebb0231f3cebfec5fbb64a912') in 0.015385 seconds 
========================================================================
Received Import Request.
  Time since last request: 0.000031 seconds.
  path: Assets/VR/Oculus/Interaction/Samples/Shaders/InteractionCG.cginc
  artifactKey: Guid(ad62366434a0c0d43828de4737c3ed09) Importer(815301076,1909f56bfc062723c751e8b465ee728b)
Start importing Assets/VR/Oculus/Interaction/Samples/Shaders/InteractionCG.cginc using Guid(ad62366434a0c0d43828de4737c3ed09) Importer(815301076,1909f56bfc062723c751e8b465ee728b)  -> (artifact id: '00fa153dbebc65188cb4933504d34b06') in 0.009292 seconds 
========================================================================
Received Import Request.
  Time since last request: 0.000030 seconds.
  path: Assets/VR/Oculus/Interaction/Samples/Audio/Content/Interaction_PoseDetection_ThumbsUp_03.wav
  artifactKey: Guid(9b19288dd66a54a4eb7774dd05c2a328) Importer(815301076,1909f56bfc062723c751e8b465ee728b)
Start importing Assets/VR/Oculus/Interaction/Samples/Audio/Content/Interaction_PoseDetection_ThumbsUp_03.wav using Guid(9b19288dd66a54a4eb7774dd05c2a328) Importer(815301076,1909f56bfc062723c751e8b465ee728b)  -> (artifact id: '580deed922bcfcb05e796fe740b9c1b1') in 0.013435 seconds 
========================================================================
Received Import Request.
  Time since last request: 0.270894 seconds.
  path: Assets/VR/Oculus/Interaction/Samples/Scripts/HandGrabRecord/Editor/Oculus.Interaction.Samples.Editor.asmdef
  artifactKey: Guid(0ae31ae32e3e80a48806ef598d17341c) Importer(815301076,1909f56bfc062723c751e8b465ee728b)
Start importing Assets/VR/Oculus/Interaction/Samples/Scripts/HandGrabRecord/Editor/Oculus.Interaction.Samples.Editor.asmdef using Guid(0ae31ae32e3e80a48806ef598d17341c) Importer(815301076,1909f56bfc062723c751e8b465ee728b)  -> (artifact id: 'af05259307a96f60c3271502deacec1b') in 0.007902 seconds 
========================================================================
Received Import Request.
  Time since last request: 0.047403 seconds.
  path: Assets/VR/Oculus/Interaction/Samples/Prefabs/OculusInteractionSamplesRayCanvas.prefab
  artifactKey: Guid(afb1615dd3b243a449003594175d971a) Importer(815301076,1909f56bfc062723c751e8b465ee728b)
Start importing Assets/VR/Oculus/Interaction/Samples/Prefabs/OculusInteractionSamplesRayCanvas.prefab using Guid(afb1615dd3b243a449003594175d971a) Importer(815301076,1909f56bfc062723c751e8b465ee728b)  -> (artifact id: '2352a649e94328082847718afb4bc9b3') in 0.046692 seconds 
========================================================================
Received Import Request.
  Time since last request: 0.000031 seconds.
  path: Assets/VR/SteamVR/InteractionSystem/Core/Icons/vr_interaction_system_left_hand.png
  artifactKey: Guid(27f3faef5a63db84c9cbac06e94ab7b3) Importer(815301076,1909f56bfc062723c751e8b465ee728b)
Start importing Assets/VR/SteamVR/InteractionSystem/Core/Icons/vr_interaction_system_left_hand.png using Guid(27f3faef5a63db84c9cbac06e94ab7b3) Importer(815301076,1909f56bfc062723c751e8b465ee728b)  -> (artifact id: '829496cc819fd6b173653deb5c914f0b') in 0.048399 seconds 
========================================================================
Received Import Request.
  Time since last request: 0.000036 seconds.
  path: Assets/VR/SteamVR/InteractionSystem/Core/Icons/vr_interaction_system.png
  artifactKey: Guid(b93fe5c516cf6ed4b9153ec790f856e2) Importer(815301076,1909f56bfc062723c751e8b465ee728b)
Start importing Assets/VR/SteamVR/InteractionSystem/Core/Icons/vr_interaction_system.png using Guid(b93fe5c516cf6ed4b9153ec790f856e2) Importer(815301076,1909f56bfc062723c751e8b465ee728b)  -> (artifact id: '7a31fbaf6c1bab20b330e6a6ef9547a3') in 0.028036 seconds 
========================================================================
Received Import Request.
  Time since last request: 0.000043 seconds.
  path: Assets/VR/SteamVR/InteractionSystem/Core/Icons/vr_interaction_system_right_hand.png
  artifactKey: Guid(1acda2a2584a8fb4683ea56799b27fa0) Importer(815301076,1909f56bfc062723c751e8b465ee728b)
Start importing Assets/VR/SteamVR/InteractionSystem/Core/Icons/vr_interaction_system_right_hand.png using Guid(1acda2a2584a8fb4683ea56799b27fa0) Importer(815301076,1909f56bfc062723c751e8b465ee728b)  -> (artifact id: 'b60dc59810ff2bbede8c3b79d834198f') in 0.033616 seconds 
========================================================================
Received Import Request.
  Time since last request: 0.000027 seconds.
  path: Assets/VR/SteamVR/InteractionSystem/Core/Icons/vr_interaction_system_feet.png
  artifactKey: Guid(032fb1710098a1d47ad34d72e90f714a) Importer(815301076,1909f56bfc062723c751e8b465ee728b)
Start importing Assets/VR/SteamVR/InteractionSystem/Core/Icons/vr_interaction_system_feet.png using Guid(032fb1710098a1d47ad34d72e90f714a) Importer(815301076,1909f56bfc062723c751e8b465ee728b)  -> (artifact id: 'fe11c16594b607031a578f1a532dd749') in 0.033173 seconds 
Editor requested this worker to shutdown with reason: Scaling down because of idle timeout
AssetImportWorker is now disconnected from the server
Process exiting
Exiting without the bug reporter. Application will terminate with return code 0