Using pre-set license
Built from '2021.3/staging' branch; Version is '2021.3.11f1 (0a5ca18544bf) revision 679073'; Using compiler version '192829333'; Build Type 'Release'
OS: 'Windows 10  (10.0.19044) 64bit Core' Language: 'de' Physical Memory: 16122 MB
BatchMode: 1, IsHumanControllingUs: 0, StartBugReporterOnCrash: 0, Is64bit: 1, IsPro: 1

COMMAND LINE ARGUMENTS:
C:\Program Files\Unity\Hub\Editor\2021.3.11f1\Editor\Unity.exe
-adb2
-batchMode
-noUpm
-name
AssetImportWorker6
-projectPath
C:/Users/admin/Dropbox/Thesisprojekt/Thesisprojekt
-logFile
Logs/AssetImportWorker6.log
-srvPort
1683
Successfully changed project path to: C:/Users/admin/Dropbox/Thesisprojekt/Thesisprojekt
C:/Users/admin/Dropbox/Thesisprojekt/Thesisprojekt
[UnityMemory] Configuration Parameters - Can be set up in boot.config
    "memorysetup-bucket-allocator-granularity=16"
    "memorysetup-bucket-allocator-bucket-count=8"
    "memorysetup-bucket-allocator-block-size=33554432"
    "memorysetup-bucket-allocator-block-count=8"
    "memorysetup-main-allocator-block-size=16777216"
    "memorysetup-thread-allocator-block-size=16777216"
    "memorysetup-gfx-main-allocator-block-size=16777216"
    "memorysetup-gfx-thread-allocator-block-size=16777216"
    "memorysetup-cache-allocator-block-size=4194304"
    "memorysetup-typetree-allocator-block-size=2097152"
    "memorysetup-profiler-bucket-allocator-granularity=16"
    "memorysetup-profiler-bucket-allocator-bucket-count=8"
    "memorysetup-profiler-bucket-allocator-block-size=33554432"
    "memorysetup-profiler-bucket-allocator-block-count=8"
    "memorysetup-profiler-allocator-block-size=16777216"
    "memorysetup-profiler-editor-allocator-block-size=1048576"
    "memorysetup-temp-allocator-size-main=16777216"
    "memorysetup-job-temp-allocator-block-size=2097152"
    "memorysetup-job-temp-allocator-block-size-background=1048576"
    "memorysetup-job-temp-allocator-reduction-small-platforms=262144"
    "memorysetup-temp-allocator-size-background-worker=32768"
    "memorysetup-temp-allocator-size-job-worker=262144"
    "memorysetup-temp-allocator-size-preload-manager=33554432"
    "memorysetup-temp-allocator-size-nav-mesh-worker=65536"
    "memorysetup-temp-allocator-size-audio-worker=65536"
    "memorysetup-temp-allocator-size-cloud-worker=32768"
    "memorysetup-temp-allocator-size-gi-baking-worker=262144"
    "memorysetup-temp-allocator-size-gfx=262144"
Refreshing native plugins compatible for Editor in 151.74 ms, found 11 plugins.
Preloading 1 native plugins for Editor in 1.04 ms.
Initialize engine version: 2021.3.11f1 (0a5ca18544bf)
[Subsystems] Discovering subsystems at path C:/Program Files/Unity/Hub/Editor/2021.3.11f1/Editor/Data/Resources/UnitySubsystems
[Subsystems] Discovering subsystems at path C:/Users/admin/Dropbox/Thesisprojekt/Thesisprojekt/Assets
GfxDevice: creating device client; threaded=0; jobified=0
Direct3D:
    Version:  Direct3D 11.0 [level 11.1]
    Renderer: NVIDIA GeForce RTX 3060 Laptop GPU (ID=0x2520)
    Vendor:   NVIDIA
    VRAM:     6023 MB
    Driver:   31.0.15.2233
Shader 'Oculus/OVRMRCameraFrameLit': fallback shader 'Alpha-Diffuse' not found
Initialize mono
Mono path[0] = 'C:/Program Files/Unity/Hub/Editor/2021.3.11f1/Editor/Data/Managed'
Mono path[1] = 'C:/Program Files/Unity/Hub/Editor/2021.3.11f1/Editor/Data/MonoBleedingEdge/lib/mono/unityjit-win32'
Mono config path = 'C:/Program Files/Unity/Hub/Editor/2021.3.11f1/Editor/Data/MonoBleedingEdge/etc'
Using monoOptions --debugger-agent=transport=dt_socket,embedding=1,server=y,suspend=n,address=127.0.0.1:56788
Begin MonoManager ReloadAssembly
Registering precompiled unity dll's ...
Register platform support module: C:/Program Files/Unity/Hub/Editor/2021.3.11f1/Editor/Data/PlaybackEngines/AndroidPlayer/UnityEditor.Android.Extensions.dll
Register platform support module: C:/Program Files/Unity/Hub/Editor/2021.3.11f1/Editor/Data/PlaybackEngines/WindowsStandaloneSupport/UnityEditor.WindowsStandalone.Extensions.dll
Registered in 0.007097 seconds.
Native extension for WindowsStandalone target not found
Native extension for Android target not found
Refreshing native plugins compatible for Editor in 112.57 ms, found 11 plugins.
Preloading 1 native plugins for Editor in 0.16 ms.
Mono: successfully reloaded assembly
- Completed reload, in  0.589 seconds
Domain Reload Profiling:
	ReloadAssembly (589ms)
		BeginReloadAssembly (58ms)
			ExecutionOrderSort (0ms)
			DisableScriptedObjects (0ms)
			BackupInstance (0ms)
			ReleaseScriptingObjects (0ms)
			CreateAndSetChildDomain (1ms)
		EndReloadAssembly (441ms)
			LoadAssemblies (57ms)
			RebuildTransferFunctionScriptingTraits (0ms)
			SetupTypeCache (98ms)
			ReleaseScriptCaches (0ms)
			RebuildScriptCaches (23ms)
			SetupLoadedEditorAssemblies (278ms)
				LogAssemblyErrors (0ms)
				InitializePlatformSupportModulesInManaged (44ms)
				SetLoadedEditorAssemblies (0ms)
				RefreshPlugins (113ms)
				BeforeProcessingInitializeOnLoad (1ms)
				ProcessInitializeOnLoadAttributes (83ms)
				ProcessInitializeOnLoadMethodAttributes (38ms)
				AfterProcessingInitializeOnLoad (0ms)
				EditorAssembliesLoaded (0ms)
			ExecutionOrderSort2 (0ms)
			AwakeInstancesAfterBackupRestoration (0ms)
Platform modules already initialized, skipping
Registering precompiled user dll's ...
Registered in 0.007535 seconds.
Begin MonoManager ReloadAssembly
Native extension for WindowsStandalone target not found
Native extension for Android target not found
Refreshing native plugins compatible for Editor in 1.23 ms, found 11 plugins.
Preloading 1 native plugins for Editor in 0.08 ms.
Package Manager log level set to [2]
[XR] OculusXRPlugin: registering subsystems
[XR] Unable to register display lifecyle provider: [1]
[XR] Oculus Input lifecycle provider registered.
[XR] Unable to register input lifecyle provider: [1]
[XR] OVRP version 1.78.0
Mono: successfully reloaded assembly
- Completed reload, in  1.153 seconds
Domain Reload Profiling:
	ReloadAssembly (1154ms)
		BeginReloadAssembly (211ms)
			ExecutionOrderSort (0ms)
			DisableScriptedObjects (5ms)
			BackupInstance (0ms)
			ReleaseScriptingObjects (0ms)
			CreateAndSetChildDomain (139ms)
		EndReloadAssembly (849ms)
			LoadAssemblies (76ms)
			RebuildTransferFunctionScriptingTraits (0ms)
			SetupTypeCache (259ms)
			ReleaseScriptCaches (1ms)
			RebuildScriptCaches (73ms)
			SetupLoadedEditorAssemblies (396ms)
				LogAssemblyErrors (0ms)
				InitializePlatformSupportModulesInManaged (13ms)
				SetLoadedEditorAssemblies (0ms)
				RefreshPlugins (1ms)
				BeforeProcessingInitializeOnLoad (105ms)
				ProcessInitializeOnLoadAttributes (241ms)
				ProcessInitializeOnLoadMethodAttributes (30ms)
				AfterProcessingInitializeOnLoad (6ms)
				EditorAssembliesLoaded (0ms)
			ExecutionOrderSort2 (0ms)
			AwakeInstancesAfterBackupRestoration (7ms)
Platform modules already initialized, skipping
========================================================================
Worker process is ready to serve import requests
Shader 'Oculus/OVRMRCameraFrameLit': fallback shader 'Alpha-Diffuse' not found
Launched and connected shader compiler UnityShaderCompiler.exe after 0.03 seconds
Refreshing native plugins compatible for Editor in 1.04 ms, found 11 plugins.
Preloading 1 native plugins for Editor in 0.07 ms.
Unloading 5408 Unused Serialized files (Serialized files now loaded: 0)
Unloading 61 unused Assets / (229.8 KB). Loaded Objects now: 5841.
Memory consumption went from 200.8 MB to 200.6 MB.
Total: 3.142500 ms (FindLiveObjects: 0.484000 ms CreateObjectMapping: 0.227600 ms MarkObjects: 2.240200 ms  DeleteObjects: 0.189300 ms)

AssetImportParameters requested are different than current active one (requested -> active):
  custom:video-decoder-ogg-theora: a1e56fd34408186e4bbccfd4996cb3dc -> 
  custom:container-muxer-webm: aa71ff27fc2769a1b78a27578f13a17b -> 
  custom:container-demuxer-webm: 4f35f7cbe854078d1ac9338744f61a02 -> 
  custom:video-encoder-webm-vp8: eb34c28f22e8b96e1ab97ce403110664 -> 
  custom:video-codec-MediaFoundation-h265: 746d11721c4dcdbdad8f713fa42b33f4 -> 
  custom:audio-encoder-webm-vorbis: bf7c407c2cedff20999df2af8eb42d56 -> 
  custom:framework-win-MediaFoundation: 216162199b28c13a410421893ffa2e32 -> 
  custom:container-demuxer-ogg: 62fdf1f143b41e24485cea50d1cbac27 -> 
  custom:video-decoder-webm-vp8: 9c59270c3fd7afecdb556c50c9e8de78 -> 
  custom:audio-decoder-ogg-vorbis: bf7c407c2cedff20999df2af8eb42d56 -> 
========================================================================
Received Import Request.
  Time since last request: 8931.762934 seconds.
  path: Assets/VR/Oculus/Interaction/Samples/Audio/Content/Interaction_BasicRay_Hover.wav
  artifactKey: Guid(1310bd00360df084e96ccc9a42f601b7) Importer(815301076,1909f56bfc062723c751e8b465ee728b)
Start importing Assets/VR/Oculus/Interaction/Samples/Audio/Content/Interaction_BasicRay_Hover.wav using Guid(1310bd00360df084e96ccc9a42f601b7) Importer(815301076,1909f56bfc062723c751e8b465ee728b)  -> (artifact id: 'fc539a269496e7da807cab686564dc2a') in 0.126492 seconds 
========================================================================
Received Import Request.
  Time since last request: 0.585684 seconds.
  path: Assets/VR/Oculus/Interaction/Samples/Audio/Content/Interaction_DistanceGrab_Unhover.wav
  artifactKey: Guid(313d3ca4b490fdd4db2f077f19fb883c) Importer(815301076,1909f56bfc062723c751e8b465ee728b)
Start importing Assets/VR/Oculus/Interaction/Samples/Audio/Content/Interaction_DistanceGrab_Unhover.wav using Guid(313d3ca4b490fdd4db2f077f19fb883c) Importer(815301076,1909f56bfc062723c751e8b465ee728b)  -> (artifact id: 'a87fd81ae2e26aaec9d754a4e4950c5a') in 0.015385 seconds 
========================================================================
Received Import Request.
  Time since last request: 0.000026 seconds.
  path: Assets/VR/Oculus/Interaction/Samples/Audio/Content/Interaction_Object_Impact_06.wav
  artifactKey: Guid(08910b7f127a61644811e5cda32f09a1) Importer(815301076,1909f56bfc062723c751e8b465ee728b)
Start importing Assets/VR/Oculus/Interaction/Samples/Audio/Content/Interaction_Object_Impact_06.wav using Guid(08910b7f127a61644811e5cda32f09a1) Importer(815301076,1909f56bfc062723c751e8b465ee728b)  -> (artifact id: '67b451a7a73b8e81f0b2a88838959701') in 0.020462 seconds 
========================================================================
Received Import Request.
  Time since last request: 0.000052 seconds.
  path: Assets/VR/Oculus/Interaction/Samples/Audio/Content/Interaction_Object_Impact_03.wav
  artifactKey: Guid(7f1459cc291cebf46b6a654b2530e93f) Importer(815301076,1909f56bfc062723c751e8b465ee728b)
Start importing Assets/VR/Oculus/Interaction/Samples/Audio/Content/Interaction_Object_Impact_03.wav using Guid(7f1459cc291cebf46b6a654b2530e93f) Importer(815301076,1909f56bfc062723c751e8b465ee728b)  -> (artifact id: '67c2e9c725ad026f047dcb0226fb080a') in 0.014164 seconds 
========================================================================
Received Import Request.
  Time since last request: 0.033086 seconds.
  path: Assets/VR/Oculus/Interaction/Samples/Audio/Content/Interaction_Object_Reappear_01.wav
  artifactKey: Guid(44420cc82247b8c41b2a11399c3dda75) Importer(815301076,1909f56bfc062723c751e8b465ee728b)
Start importing Assets/VR/Oculus/Interaction/Samples/Audio/Content/Interaction_Object_Reappear_01.wav using Guid(44420cc82247b8c41b2a11399c3dda75) Importer(815301076,1909f56bfc062723c751e8b465ee728b)  -> (artifact id: '13df696a3900e6e729c83ef2f77030e9') in 0.013508 seconds 
========================================================================
Received Import Request.
  Time since last request: 0.000037 seconds.
  path: Assets/VR/Oculus/Interaction/Samples/Audio/Content/Interaction_PoseDetection_Scissors_02.wav
  artifactKey: Guid(a988f805ead2c9f4db2a2956cf3555f1) Importer(815301076,1909f56bfc062723c751e8b465ee728b)
Start importing Assets/VR/Oculus/Interaction/Samples/Audio/Content/Interaction_PoseDetection_Scissors_02.wav using Guid(a988f805ead2c9f4db2a2956cf3555f1) Importer(815301076,1909f56bfc062723c751e8b465ee728b)  -> (artifact id: '033783bdff5ac2fef25d150cae1a96e6') in 0.013319 seconds 
========================================================================
Received Import Request.
  Time since last request: 0.000038 seconds.
  path: Assets/VR/Oculus/Interaction/Samples/Audio/Content/Interaction_PoseDetection_Paper_02.wav
  artifactKey: Guid(804545687cb242649ae26f9c2eb148d2) Importer(815301076,1909f56bfc062723c751e8b465ee728b)
Start importing Assets/VR/Oculus/Interaction/Samples/Audio/Content/Interaction_PoseDetection_Paper_02.wav using Guid(804545687cb242649ae26f9c2eb148d2) Importer(815301076,1909f56bfc062723c751e8b465ee728b)  -> (artifact id: 'f4f0a512207592661a7dea089a5a8c3b') in 0.015852 seconds 
========================================================================
Received Import Request.
  Time since last request: 0.054197 seconds.
  path: Assets/VR/Oculus/Interaction/Samples/Audio/Content/Interaction_PoseDetection_Stop_02.wav
  artifactKey: Guid(ac747ae94ae63b14da0640929cb8cb60) Importer(815301076,1909f56bfc062723c751e8b465ee728b)
Start importing Assets/VR/Oculus/Interaction/Samples/Audio/Content/Interaction_PoseDetection_Stop_02.wav using Guid(ac747ae94ae63b14da0640929cb8cb60) Importer(815301076,1909f56bfc062723c751e8b465ee728b)  -> (artifact id: '8a55e4aea343624a22d983ed66f00814') in 0.014251 seconds 
========================================================================
Received Import Request.
  Time since last request: 0.000025 seconds.
  path: Assets/VR/Oculus/Interaction/Samples/Audio/Content/Interaction_PoseDetection_ThumbsUp_02.wav
  artifactKey: Guid(09261974b330663419f6e892d56cee88) Importer(815301076,1909f56bfc062723c751e8b465ee728b)
Start importing Assets/VR/Oculus/Interaction/Samples/Audio/Content/Interaction_PoseDetection_ThumbsUp_02.wav using Guid(09261974b330663419f6e892d56cee88) Importer(815301076,1909f56bfc062723c751e8b465ee728b)  -> (artifact id: '7e966ebc613335655c2daa9497e7041c') in 0.013564 seconds 
========================================================================
Received Import Request.
  Time since last request: 0.000038 seconds.
  path: Assets/VR/Oculus/Interaction/Samples/Audio/Content/Interaction_PoseDetection_ThumbsDown_03.wav
  artifactKey: Guid(11f00901e96c8d34687e2b184c356f9d) Importer(815301076,1909f56bfc062723c751e8b465ee728b)
Start importing Assets/VR/Oculus/Interaction/Samples/Audio/Content/Interaction_PoseDetection_ThumbsDown_03.wav using Guid(11f00901e96c8d34687e2b184c356f9d) Importer(815301076,1909f56bfc062723c751e8b465ee728b)  -> (artifact id: '706875877f0b74f4b6d77d030822638a') in 0.012339 seconds 
========================================================================
Received Import Request.
  Time since last request: 0.267087 seconds.
  path: Assets/VR/Oculus/Interaction/Samples/Oculus.Interaction.Samples.asmdef
  artifactKey: Guid(aad0989a2d3885f4e8846b6f0609300c) Importer(815301076,1909f56bfc062723c751e8b465ee728b)
Start importing Assets/VR/Oculus/Interaction/Samples/Oculus.Interaction.Samples.asmdef using Guid(aad0989a2d3885f4e8846b6f0609300c) Importer(815301076,1909f56bfc062723c751e8b465ee728b)  -> (artifact id: '42bc7f986f5f2442b269ef4439c052ba') in 0.008738 seconds 
========================================================================
Received Import Request.
  Time since last request: 0.047177 seconds.
  path: Assets/VR/Oculus/Interaction/Samples/Prefabs/OculusInteractionSamplesButtonMenu.prefab
  artifactKey: Guid(9fa307f5b777a3144a94cb355e43bf43) Importer(815301076,1909f56bfc062723c751e8b465ee728b)
Start importing Assets/VR/Oculus/Interaction/Samples/Prefabs/OculusInteractionSamplesButtonMenu.prefab using Guid(9fa307f5b777a3144a94cb355e43bf43) Importer(815301076,1909f56bfc062723c751e8b465ee728b)  -> (artifact id: '480b0b82b5a0f1af20793f0f83484381') in 0.229385 seconds 
Editor requested this worker to shutdown with reason: Scaling down because of idle timeout
AssetImportWorker is now disconnected from the server
Process exiting
Exiting without the bug reporter. Application will terminate with return code 0